<?xml version="1.0" encoding="UTF-8"?>
<!-- Generated by org.testng.reporters.JUnitReportReporter -->
<testsuite hostname="Sahitya" failures="0" tests="1" name="keyword_driven2_test.exeutiontest" time="29.468" errors="0" timestamp="2024-09-30T18:32:49 IST" skipped="0">
  <testcase classname="keyword_driven2_test.exeutiontest" name="test" time="29.468"/>
</testsuite> <!-- keyword_driven2_test.exeutiontest -->
